<?xml version="1.0" encoding="UTF-8"?>
<coverage generated="1776063416305" clover="3.2.0">
  <project timestamp="1776063416306" name="All files">
    <metrics statements="148" coveredstatements="107" conditionals="57" coveredconditionals="37" methods="41" coveredmethods="31" elements="246" coveredelements="175" complexity="0" loc="148" ncloc="148" packages="1" files="1" classes="1"/>
    <file name="server.js" path="C:\Users\dayan\Downloads\collab-docs\backend\server.js">
      <metrics statements="148" coveredstatements="107" conditionals="57" coveredconditionals="37" methods="41" coveredmethods="31"/>
      <line num="7" count="1" type="stmt"/>
      <line num="8" count="1" type="stmt"/>
      <line num="9" count="1" type="stmt"/>
      <line num="10" count="1" type="stmt"/>
      <line num="18" count="1" type="cond" truecount="1" falsecount="1"/>
      <line num="19" count="0" type="stmt"/>
      <line num="21" count="1" type="stmt"/>
      <line num="22" count="1" type="stmt"/>
      <line num="26" count="9" type="cond" truecount="2" falsecount="0"/>
      <line num="27" count="1" type="stmt"/>
      <line num="29" count="9" type="stmt"/>
      <line num="33" count="9" type="cond" truecount="2" falsecount="0"/>
      <line num="34" count="6" type="stmt"/>
      <line num="36" count="9" type="stmt"/>
      <line num="40" count="5" type="stmt"/>
      <line num="50" count="10" type="stmt"/>
      <line num="51" count="10" type="stmt"/>
      <line num="52" count="10" type="stmt"/>
      <line num="53" count="10" type="stmt"/>
      <line num="54" count="10" type="stmt"/>
      <line num="59" count="10" type="stmt"/>
      <line num="60" count="10" type="stmt"/>
      <line num="65" count="2" type="stmt"/>
      <line num="66" count="2" type="stmt"/>
      <line num="71" count="9" type="stmt"/>
      <line num="72" count="9" type="stmt"/>
      <line num="73" count="9" type="cond" truecount="4" falsecount="0"/>
      <line num="74" count="2" type="stmt"/>
      <line num="80" count="1" type="stmt"/>
      <line num="81" count="1" type="stmt"/>
      <line num="85" count="1" type="stmt"/>
      <line num="89" count="0" type="stmt"/>
      <line num="90" count="0" type="cond" truecount="0" falsecount="2"/>
      <line num="91" count="0" type="stmt"/>
      <line num="92" count="0" type="stmt"/>
      <line num="94" count="0" type="stmt"/>
      <line num="104" count="9" type="stmt"/>
      <line num="105" count="9" type="stmt"/>
      <line num="106" count="9" type="stmt"/>
      <line num="107" count="9" type="cond" truecount="2" falsecount="0"/>
      <line num="108" count="9" type="stmt"/>
      <line num="112" count="10" type="stmt"/>
      <line num="113" count="10" type="stmt"/>
      <line num="117" count="4" type="stmt"/>
      <line num="118" count="4" type="stmt"/>
      <line num="122" count="3" type="stmt"/>
      <line num="128" count="14" type="stmt"/>
      <line num="129" count="14" type="stmt"/>
      <line num="134" count="7" type="stmt"/>
      <line num="135" count="7" type="stmt"/>
      <line num="136" count="7" type="stmt"/>
      <line num="137" count="7" type="stmt"/>
      <line num="141" count="4" type="cond" truecount="2" falsecount="0"/>
      <line num="142" count="3" type="stmt"/>
      <line num="143" count="3" type="stmt"/>
      <line num="144" count="3" type="stmt"/>
      <line num="145" count="3" type="stmt"/>
      <line num="147" count="1" type="stmt"/>
      <line num="151" count="2" type="cond" truecount="2" falsecount="0"/>
      <line num="152" count="1" type="stmt"/>
      <line num="153" count="1" type="stmt"/>
      <line num="154" count="1" type="stmt"/>
      <line num="156" count="1" type="stmt"/>
      <line num="166" count="61" type="stmt"/>
      <line num="167" count="61" type="stmt"/>
      <line num="168" count="61" type="cond" truecount="2" falsecount="0"/>
      <line num="174" count="15" type="stmt"/>
      <line num="175" count="15" type="stmt"/>
      <line num="179" count="61" type="cond" truecount="2" falsecount="0"/>
      <line num="180" count="5" type="stmt"/>
      <line num="182" count="61" type="stmt"/>
      <line num="183" count="61" type="stmt"/>
      <line num="187" count="3" type="cond" truecount="2" falsecount="0"/>
      <line num="191" count="7" type="stmt"/>
      <line num="206" count="0" type="stmt"/>
      <line num="213" count="4" type="cond" truecount="2" falsecount="0"/>
      <line num="214" count="2" type="stmt"/>
      <line num="217" count="2" type="cond" truecount="2" falsecount="0"/>
      <line num="223" count="8" type="stmt"/>
      <line num="227" count="0" type="stmt"/>
      <line num="231" count="4" type="stmt"/>
      <line num="241" count="5" type="stmt"/>
      <line num="242" count="5" type="stmt"/>
      <line num="247" count="6" type="stmt"/>
      <line num="248" count="6" type="stmt"/>
      <line num="250" count="0" type="stmt"/>
      <line num="251" count="0" type="stmt"/>
      <line num="254" count="6" type="stmt"/>
      <line num="255" count="6" type="stmt"/>
      <line num="257" count="6" type="cond" truecount="3" falsecount="4"/>
      <line num="259" count="4" type="stmt"/>
      <line num="260" count="4" type="stmt"/>
      <line num="261" count="4" type="stmt"/>
      <line num="262" count="4" type="stmt"/>
      <line num="267" count="4" type="stmt"/>
      <line num="268" count="4" type="stmt"/>
      <line num="271" count="1" type="stmt"/>
      <line num="276" count="1" type="stmt"/>
      <line num="277" count="1" type="stmt"/>
      <line num="278" count="1" type="stmt"/>
      <line num="279" count="1" type="stmt"/>
      <line num="282" count="1" type="stmt"/>
      <line num="283" count="1" type="stmt"/>
      <line num="288" count="1" type="stmt"/>
      <line num="291" count="0" type="stmt"/>
      <line num="292" count="0" type="cond" truecount="0" falsecount="2"/>
      <line num="293" count="0" type="stmt"/>
      <line num="300" count="0" type="stmt"/>
      <line num="303" count="0" type="stmt"/>
      <line num="304" count="0" type="stmt"/>
      <line num="307" count="0" type="stmt"/>
      <line num="308" count="0" type="cond" truecount="0" falsecount="2"/>
      <line num="309" count="0" type="stmt"/>
      <line num="310" count="0" type="stmt"/>
      <line num="312" count="0" type="stmt"/>
      <line num="315" count="0" type="stmt"/>
      <line num="320" count="1" type="stmt"/>
      <line num="321" count="1" type="cond" truecount="1" falsecount="1"/>
      <line num="322" count="1" type="stmt"/>
      <line num="323" count="1" type="cond" truecount="1" falsecount="1"/>
      <line num="324" count="1" type="stmt"/>
      <line num="325" count="1" type="stmt"/>
      <line num="334" count="1" type="stmt"/>
      <line num="336" count="1" type="stmt"/>
      <line num="337" count="0" type="cond" truecount="0" falsecount="2"/>
      <line num="338" count="0" type="stmt"/>
      <line num="339" count="0" type="stmt"/>
      <line num="345" count="0" type="stmt"/>
      <line num="346" count="0" type="cond" truecount="0" falsecount="2"/>
      <line num="347" count="0" type="stmt"/>
      <line num="348" count="0" type="stmt"/>
      <line num="349" count="0" type="stmt"/>
      <line num="351" count="0" type="cond" truecount="0" falsecount="2"/>
      <line num="352" count="0" type="stmt"/>
      <line num="356" count="1" type="stmt"/>
      <line num="358" count="1" type="stmt"/>
      <line num="359" count="0" type="stmt"/>
      <line num="361" count="0" type="stmt"/>
      <line num="362" count="0" type="stmt"/>
      <line num="365" count="0" type="stmt"/>
      <line num="366" count="0" type="stmt"/>
      <line num="369" count="0" type="stmt"/>
      <line num="370" count="0" type="stmt"/>
      <line num="374" count="1" type="cond" truecount="2" falsecount="0"/>
      <line num="375" count="1" type="stmt"/>
      <line num="376" count="0" type="stmt"/>
      <line num="377" count="0" type="stmt"/>
      <line num="380" count="1" type="stmt"/>
    </file>
  </project>
</coverage>
