{"C:\\Users\\dayan\\Downloads\\collab-docs\\backend\\server.js": {"path":"C:\\Users\\dayan\\Downloads\\collab-docs\\backend\\server.js","statementMap":{"0":{"start":{"line":7,"column":18},"end":{"line":7,"column":31}},"1":{"start":{"line":8,"column":13},"end":{"line":8,"column":28}},"2":{"start":{"line":9,"column":11},"end":{"line":9,"column":24}},"3":{"start":{"line":10,"column":13},"end":{"line":10,"column":28}},"4":{"start":{"line":18,"column":4},"end":{"line":20,"column":5}},"5":{"start":{"line":19,"column":6},"end":{"line":19,"column":46}},"6":{"start":{"line":21,"column":4},"end":{"line":21,"column":30}},"7":{"start":{"line":22,"column":4},"end":{"line":22,"column":44}},"8":{"start":{"line":26,"column":4},"end":{"line":28,"column":5}},"9":{"start":{"line":27,"column":6},"end":{"line":27,"column":35}},"10":{"start":{"line":29,"column":4},"end":{"line":29,"column":44}},"11":{"start":{"line":33,"column":4},"end":{"line":35,"column":5}},"12":{"start":{"line":34,"column":6},"end":{"line":34,"column":59}},"13":{"start":{"line":36,"column":4},"end":{"line":36,"column":36}},"14":{"start":{"line":40,"column":4},"end":{"line":40,"column":36}},"15":{"start":{"line":50,"column":4},"end":{"line":50,"column":23}},"16":{"start":{"line":51,"column":4},"end":{"line":51,"column":31}},"17":{"start":{"line":52,"column":4},"end":{"line":52,"column":22}},"18":{"start":{"line":53,"column":4},"end":{"line":53,"column":47}},"19":{"start":{"line":54,"column":4},"end":{"line":54,"column":47}},"20":{"start":{"line":59,"column":4},"end":{"line":59,"column":31}},"21":{"start":{"line":60,"column":4},"end":{"line":60,"column":94}},"22":{"start":{"line":65,"column":4},"end":{"line":65,"column":34}},"23":{"start":{"line":66,"column":4},"end":{"line":66,"column":92}},"24":{"start":{"line":71,"column":20},"end":{"line":71,"column":40}},"25":{"start":{"line":72,"column":4},"end":{"line":76,"column":7}},"26":{"start":{"line":73,"column":6},"end":{"line":75,"column":7}},"27":{"start":{"line":74,"column":8},"end":{"line":74,"column":29}},"28":{"start":{"line":80,"column":4},"end":{"line":80,"column":41}},"29":{"start":{"line":81,"column":4},"end":{"line":81,"column":39}},"30":{"start":{"line":85,"column":4},"end":{"line":85,"column":51}},"31":{"start":{"line":89,"column":20},"end":{"line":89,"column":50}},"32":{"start":{"line":90,"column":4},"end":{"line":93,"column":5}},"33":{"start":{"line":91,"column":6},"end":{"line":91,"column":37}},"34":{"start":{"line":92,"column":6},"end":{"line":92,"column":18}},"35":{"start":{"line":94,"column":4},"end":{"line":94,"column":17}},"36":{"start":{"line":104,"column":4},"end":{"line":104,"column":35}},"37":{"start":{"line":105,"column":4},"end":{"line":105,"column":33}},"38":{"start":{"line":106,"column":4},"end":{"line":106,"column":25}},"39":{"start":{"line":107,"column":4},"end":{"line":107,"column":45}},"40":{"start":{"line":108,"column":4},"end":{"line":108,"column":30}},"41":{"start":{"line":112,"column":4},"end":{"line":112,"column":35}},"42":{"start":{"line":113,"column":4},"end":{"line":113,"column":24}},"43":{"start":{"line":117,"column":4},"end":{"line":117,"column":36}},"44":{"start":{"line":118,"column":4},"end":{"line":118,"column":24}},"45":{"start":{"line":122,"column":4},"end":{"line":122,"column":24}},"46":{"start":{"line":128,"column":4},"end":{"line":128,"column":22}},"47":{"start":{"line":129,"column":4},"end":{"line":129,"column":22}},"48":{"start":{"line":134,"column":4},"end":{"line":134,"column":59}},"49":{"start":{"line":135,"column":4},"end":{"line":135,"column":22}},"50":{"start":{"line":136,"column":4},"end":{"line":136,"column":31}},"51":{"start":{"line":137,"column":4},"end":{"line":137,"column":19}},"52":{"start":{"line":141,"column":4},"end":{"line":146,"column":5}},"53":{"start":{"line":142,"column":18},"end":{"line":142,"column":44}},"54":{"start":{"line":143,"column":21},"end":{"line":143,"column":31}},"55":{"start":{"line":144,"column":6},"end":{"line":144,"column":21}},"56":{"start":{"line":145,"column":6},"end":{"line":145,"column":20}},"57":{"start":{"line":147,"column":4},"end":{"line":147,"column":16}},"58":{"start":{"line":151,"column":4},"end":{"line":155,"column":5}},"59":{"start":{"line":152,"column":6},"end":{"line":152,"column":21}},"60":{"start":{"line":153,"column":18},"end":{"line":153,"column":44}},"61":{"start":{"line":154,"column":6},"end":{"line":154,"column":27}},"62":{"start":{"line":156,"column":4},"end":{"line":156,"column":16}},"63":{"start":{"line":166,"column":4},"end":{"line":166,"column":27}},"64":{"start":{"line":167,"column":4},"end":{"line":167,"column":25}},"65":{"start":{"line":168,"column":4},"end":{"line":168,"column":59}},"66":{"start":{"line":174,"column":4},"end":{"line":174,"column":24}},"67":{"start":{"line":175,"column":4},"end":{"line":175,"column":27}},"68":{"start":{"line":179,"column":4},"end":{"line":181,"column":5}},"69":{"start":{"line":180,"column":6},"end":{"line":180,"column":29}},"70":{"start":{"line":182,"column":4},"end":{"line":182,"column":54}},"71":{"start":{"line":183,"column":4},"end":{"line":183,"column":37}},"72":{"start":{"line":187,"column":4},"end":{"line":187,"column":41}},"73":{"start":{"line":191,"column":4},"end":{"line":196,"column":8}},"74":{"start":{"line":191,"column":41},"end":{"line":196,"column":5}},"75":{"start":{"line":206,"column":4},"end":{"line":206,"column":25}},"76":{"start":{"line":213,"column":4},"end":{"line":215,"column":5}},"77":{"start":{"line":214,"column":6},"end":{"line":214,"column":27}},"78":{"start":{"line":217,"column":4},"end":{"line":217,"column":87}},"79":{"start":{"line":223,"column":4},"end":{"line":223,"column":29}},"80":{"start":{"line":227,"column":4},"end":{"line":227,"column":29}},"81":{"start":{"line":231,"column":4},"end":{"line":231,"column":76}},"82":{"start":{"line":241,"column":4},"end":{"line":241,"column":63}},"83":{"start":{"line":242,"column":4},"end":{"line":242,"column":51}},"84":{"start":{"line":247,"column":4},"end":{"line":252,"column":5}},"85":{"start":{"line":248,"column":6},"end":{"line":248,"column":35}},"86":{"start":{"line":250,"column":6},"end":{"line":250,"column":48}},"87":{"start":{"line":251,"column":6},"end":{"line":251,"column":13}},"88":{"start":{"line":254,"column":45},"end":{"line":254,"column":48}},"89":{"start":{"line":255,"column":20},"end":{"line":255,"column":65}},"90":{"start":{"line":257,"column":4},"end":{"line":316,"column":5}},"91":{"start":{"line":259,"column":8},"end":{"line":259,"column":30}},"92":{"start":{"line":260,"column":8},"end":{"line":260,"column":26}},"93":{"start":{"line":261,"column":8},"end":{"line":261,"column":28}},"94":{"start":{"line":262,"column":8},"end":{"line":266,"column":12}},"95":{"start":{"line":267,"column":8},"end":{"line":267,"column":60}},"96":{"start":{"line":268,"column":8},"end":{"line":268,"column":14}},"97":{"start":{"line":271,"column":25},"end":{"line":275,"column":9}},"98":{"start":{"line":276,"column":20},"end":{"line":276,"column":70}},"99":{"start":{"line":277,"column":8},"end":{"line":277,"column":31}},"100":{"start":{"line":278,"column":8},"end":{"line":278,"column":95}},"101":{"start":{"line":279,"column":8},"end":{"line":279,"column":14}},"102":{"start":{"line":282,"column":20},"end":{"line":282,"column":47}},"103":{"start":{"line":283,"column":8},"end":{"line":287,"column":11}},"104":{"start":{"line":288,"column":8},"end":{"line":288,"column":14}},"105":{"start":{"line":291,"column":19},"end":{"line":291,"column":56}},"106":{"start":{"line":292,"column":8},"end":{"line":299,"column":9}},"107":{"start":{"line":293,"column":10},"end":{"line":298,"column":13}},"108":{"start":{"line":300,"column":8},"end":{"line":300,"column":14}},"109":{"start":{"line":303,"column":8},"end":{"line":303,"column":105}},"110":{"start":{"line":304,"column":8},"end":{"line":304,"column":14}},"111":{"start":{"line":307,"column":23},"end":{"line":307,"column":52}},"112":{"start":{"line":308,"column":8},"end":{"line":311,"column":9}},"113":{"start":{"line":309,"column":10},"end":{"line":309,"column":35}},"114":{"start":{"line":310,"column":10},"end":{"line":310,"column":99}},"115":{"start":{"line":312,"column":8},"end":{"line":312,"column":14}},"116":{"start":{"line":315,"column":8},"end":{"line":315,"column":52}},"117":{"start":{"line":320,"column":32},"end":{"line":320,"column":34}},"118":{"start":{"line":321,"column":4},"end":{"line":327,"column":5}},"119":{"start":{"line":322,"column":22},"end":{"line":322,"column":60}},"120":{"start":{"line":323,"column":6},"end":{"line":326,"column":7}},"121":{"start":{"line":324,"column":8},"end":{"line":324,"column":32}},"122":{"start":{"line":325,"column":8},"end":{"line":325,"column":63}},"123":{"start":{"line":334,"column":15},"end":{"line":334,"column":36}},"124":{"start":{"line":336,"column":15},"end":{"line":354,"column":2}},"125":{"start":{"line":337,"column":17},"end":{"line":337,"column":94}},"126":{"start":{"line":338,"column":14},"end":{"line":338,"column":36}},"127":{"start":{"line":339,"column":20},"end":{"line":343,"column":3}},"128":{"start":{"line":345,"column":2},"end":{"line":353,"column":5}},"129":{"start":{"line":346,"column":4},"end":{"line":350,"column":5}},"130":{"start":{"line":347,"column":6},"end":{"line":347,"column":25}},"131":{"start":{"line":348,"column":6},"end":{"line":348,"column":27}},"132":{"start":{"line":349,"column":6},"end":{"line":349,"column":13}},"133":{"start":{"line":351,"column":4},"end":{"line":351,"column":75}},"134":{"start":{"line":352,"column":4},"end":{"line":352,"column":18}},"135":{"start":{"line":356,"column":12},"end":{"line":356,"column":44}},"136":{"start":{"line":358,"column":0},"end":{"line":372,"column":3}},"137":{"start":{"line":359,"column":2},"end":{"line":359,"column":44}},"138":{"start":{"line":361,"column":2},"end":{"line":363,"column":5}},"139":{"start":{"line":362,"column":4},"end":{"line":362,"column":44}},"140":{"start":{"line":365,"column":2},"end":{"line":367,"column":5}},"141":{"start":{"line":366,"column":4},"end":{"line":366,"column":32}},"142":{"start":{"line":369,"column":2},"end":{"line":371,"column":5}},"143":{"start":{"line":370,"column":4},"end":{"line":370,"column":52}},"144":{"start":{"line":374,"column":13},"end":{"line":374,"column":37}},"145":{"start":{"line":375,"column":0},"end":{"line":378,"column":3}},"146":{"start":{"line":376,"column":2},"end":{"line":376,"column":83}},"147":{"start":{"line":377,"column":2},"end":{"line":377,"column":62}},"148":{"start":{"line":380,"column":0},"end":{"line":388,"column":2}}},"fnMap":{"0":{"name":"(anonymous_0)","decl":{"start":{"line":17,"column":2},"end":{"line":17,"column":3}},"loc":{"start":{"line":17,"column":16},"end":{"line":23,"column":3}},"line":17},"1":{"name":"(anonymous_1)","decl":{"start":{"line":25,"column":2},"end":{"line":25,"column":3}},"loc":{"start":{"line":25,"column":23},"end":{"line":30,"column":3}},"line":25},"2":{"name":"(anonymous_2)","decl":{"start":{"line":32,"column":2},"end":{"line":32,"column":3}},"loc":{"start":{"line":32,"column":28},"end":{"line":37,"column":3}},"line":32},"3":{"name":"(anonymous_3)","decl":{"start":{"line":39,"column":2},"end":{"line":39,"column":3}},"loc":{"start":{"line":39,"column":20},"end":{"line":41,"column":3}},"line":39},"4":{"name":"(anonymous_4)","decl":{"start":{"line":49,"column":2},"end":{"line":49,"column":3}},"loc":{"start":{"line":49,"column":21},"end":{"line":55,"column":3}},"line":49},"5":{"name":"(anonymous_5)","decl":{"start":{"line":58,"column":2},"end":{"line":58,"column":3}},"loc":{"start":{"line":58,"column":20},"end":{"line":61,"column":3}},"line":58},"6":{"name":"(anonymous_6)","decl":{"start":{"line":64,"column":2},"end":{"line":64,"column":3}},"loc":{"start":{"line":64,"column":22},"end":{"line":67,"column":3}},"line":64},"7":{"name":"(anonymous_7)","decl":{"start":{"line":70,"column":2},"end":{"line":70,"column":3}},"loc":{"start":{"line":70,"column":30},"end":{"line":77,"column":3}},"line":70},"8":{"name":"(anonymous_8)","decl":{"start":{"line":72,"column":27},"end":{"line":72,"column":28}},"loc":{"start":{"line":72,"column":37},"end":{"line":76,"column":5}},"line":72},"9":{"name":"(anonymous_9)","decl":{"start":{"line":79,"column":2},"end":{"line":79,"column":3}},"loc":{"start":{"line":79,"column":21},"end":{"line":82,"column":3}},"line":79},"10":{"name":"(anonymous_10)","decl":{"start":{"line":84,"column":2},"end":{"line":84,"column":3}},"loc":{"start":{"line":84,"column":22},"end":{"line":86,"column":3}},"line":84},"11":{"name":"(anonymous_11)","decl":{"start":{"line":88,"column":2},"end":{"line":88,"column":3}},"loc":{"start":{"line":88,"column":24},"end":{"line":95,"column":3}},"line":88},"12":{"name":"(anonymous_12)","decl":{"start":{"line":103,"column":2},"end":{"line":103,"column":3}},"loc":{"start":{"line":103,"column":58},"end":{"line":109,"column":3}},"line":103},"13":{"name":"(anonymous_13)","decl":{"start":{"line":111,"column":2},"end":{"line":111,"column":3}},"loc":{"start":{"line":111,"column":12},"end":{"line":114,"column":3}},"line":111},"14":{"name":"(anonymous_14)","decl":{"start":{"line":116,"column":2},"end":{"line":116,"column":3}},"loc":{"start":{"line":116,"column":9},"end":{"line":119,"column":3}},"line":116},"15":{"name":"(anonymous_15)","decl":{"start":{"line":121,"column":2},"end":{"line":121,"column":3}},"loc":{"start":{"line":121,"column":14},"end":{"line":123,"column":3}},"line":121},"16":{"name":"(anonymous_16)","decl":{"start":{"line":127,"column":2},"end":{"line":127,"column":3}},"loc":{"start":{"line":127,"column":16},"end":{"line":130,"column":3}},"line":127},"17":{"name":"(anonymous_17)","decl":{"start":{"line":132,"column":2},"end":{"line":132,"column":3}},"loc":{"start":{"line":132,"column":19},"end":{"line":138,"column":3}},"line":132},"18":{"name":"(anonymous_18)","decl":{"start":{"line":140,"column":2},"end":{"line":140,"column":3}},"loc":{"start":{"line":140,"column":9},"end":{"line":148,"column":3}},"line":140},"19":{"name":"(anonymous_19)","decl":{"start":{"line":150,"column":2},"end":{"line":150,"column":3}},"loc":{"start":{"line":150,"column":9},"end":{"line":157,"column":3}},"line":150},"20":{"name":"(anonymous_20)","decl":{"start":{"line":165,"column":2},"end":{"line":165,"column":3}},"loc":{"start":{"line":165,"column":42},"end":{"line":169,"column":3}},"line":165},"21":{"name":"(anonymous_21)","decl":{"start":{"line":173,"column":2},"end":{"line":173,"column":3}},"loc":{"start":{"line":173,"column":16},"end":{"line":176,"column":3}},"line":173},"22":{"name":"(anonymous_22)","decl":{"start":{"line":178,"column":2},"end":{"line":178,"column":3}},"loc":{"start":{"line":178,"column":24},"end":{"line":184,"column":3}},"line":178},"23":{"name":"(anonymous_23)","decl":{"start":{"line":186,"column":2},"end":{"line":186,"column":3}},"loc":{"start":{"line":186,"column":13},"end":{"line":188,"column":3}},"line":186},"24":{"name":"(anonymous_24)","decl":{"start":{"line":190,"column":2},"end":{"line":190,"column":3}},"loc":{"start":{"line":190,"column":11},"end":{"line":197,"column":3}},"line":190},"25":{"name":"(anonymous_25)","decl":{"start":{"line":191,"column":30},"end":{"line":191,"column":31}},"loc":{"start":{"line":191,"column":41},"end":{"line":196,"column":5}},"line":191},"26":{"name":"(anonymous_26)","decl":{"start":{"line":205,"column":2},"end":{"line":205,"column":3}},"loc":{"start":{"line":205,"column":40},"end":{"line":207,"column":3}},"line":205},"27":{"name":"(anonymous_27)","decl":{"start":{"line":211,"column":2},"end":{"line":211,"column":3}},"loc":{"start":{"line":211,"column":53},"end":{"line":218,"column":3}},"line":211},"28":{"name":"(anonymous_28)","decl":{"start":{"line":222,"column":2},"end":{"line":222,"column":3}},"loc":{"start":{"line":222,"column":61},"end":{"line":224,"column":3}},"line":222},"29":{"name":"(anonymous_29)","decl":{"start":{"line":226,"column":2},"end":{"line":226,"column":3}},"loc":{"start":{"line":226,"column":24},"end":{"line":228,"column":3}},"line":226},"30":{"name":"(anonymous_30)","decl":{"start":{"line":230,"column":2},"end":{"line":230,"column":3}},"loc":{"start":{"line":230,"column":53},"end":{"line":232,"column":3}},"line":230},"31":{"name":"(anonymous_31)","decl":{"start":{"line":240,"column":2},"end":{"line":240,"column":3}},"loc":{"start":{"line":240,"column":16},"end":{"line":243,"column":3}},"line":240},"32":{"name":"(anonymous_32)","decl":{"start":{"line":245,"column":2},"end":{"line":245,"column":3}},"loc":{"start":{"line":245,"column":38},"end":{"line":317,"column":3}},"line":245},"33":{"name":"(anonymous_33)","decl":{"start":{"line":319,"column":2},"end":{"line":319,"column":3}},"loc":{"start":{"line":319,"column":23},"end":{"line":328,"column":3}},"line":319},"34":{"name":"(anonymous_34)","decl":{"start":{"line":336,"column":33},"end":{"line":336,"column":34}},"loc":{"start":{"line":336,"column":47},"end":{"line":354,"column":1}},"line":336},"35":{"name":"(anonymous_35)","decl":{"start":{"line":345,"column":24},"end":{"line":345,"column":25}},"loc":{"start":{"line":345,"column":39},"end":{"line":353,"column":3}},"line":345},"36":{"name":"(anonymous_36)","decl":{"start":{"line":358,"column":21},"end":{"line":358,"column":22}},"loc":{"start":{"line":358,"column":29},"end":{"line":372,"column":1}},"line":358},"37":{"name":"(anonymous_37)","decl":{"start":{"line":361,"column":19},"end":{"line":361,"column":20}},"loc":{"start":{"line":361,"column":32},"end":{"line":363,"column":3}},"line":361},"38":{"name":"(anonymous_38)","decl":{"start":{"line":365,"column":17},"end":{"line":365,"column":18}},"loc":{"start":{"line":365,"column":23},"end":{"line":367,"column":3}},"line":365},"39":{"name":"(anonymous_39)","decl":{"start":{"line":369,"column":17},"end":{"line":369,"column":18}},"loc":{"start":{"line":369,"column":26},"end":{"line":371,"column":3}},"line":369},"40":{"name":"(anonymous_40)","decl":{"start":{"line":375,"column":20},"end":{"line":375,"column":21}},"loc":{"start":{"line":375,"column":26},"end":{"line":378,"column":1}},"line":375}},"branchMap":{"0":{"loc":{"start":{"line":18,"column":4},"end":{"line":20,"column":5}},"type":"if","locations":[{"start":{"line":18,"column":4},"end":{"line":20,"column":5}},{"start":{},"end":{}}],"line":18},"1":{"loc":{"start":{"line":26,"column":4},"end":{"line":28,"column":5}},"type":"if","locations":[{"start":{"line":26,"column":4},"end":{"line":28,"column":5}},{"start":{},"end":{}}],"line":26},"2":{"loc":{"start":{"line":33,"column":4},"end":{"line":35,"column":5}},"type":"if","locations":[{"start":{"line":33,"column":4},"end":{"line":35,"column":5}},{"start":{},"end":{}}],"line":33},"3":{"loc":{"start":{"line":70,"column":15},"end":{"line":70,"column":28}},"type":"default-arg","locations":[{"start":{"line":70,"column":24},"end":{"line":70,"column":28}}],"line":70},"4":{"loc":{"start":{"line":73,"column":6},"end":{"line":75,"column":7}},"type":"if","locations":[{"start":{"line":73,"column":6},"end":{"line":75,"column":7}},{"start":{},"end":{}}],"line":73},"5":{"loc":{"start":{"line":73,"column":10},"end":{"line":73,"column":67}},"type":"binary-expr","locations":[{"start":{"line":73,"column":10},"end":{"line":73,"column":27}},{"start":{"line":73,"column":31},"end":{"line":73,"column":67}}],"line":73},"6":{"loc":{"start":{"line":90,"column":4},"end":{"line":93,"column":5}},"type":"if","locations":[{"start":{"line":90,"column":4},"end":{"line":93,"column":5}},{"start":{},"end":{}}],"line":90},"7":{"loc":{"start":{"line":107,"column":21},"end":{"line":107,"column":44}},"type":"binary-expr","locations":[{"start":{"line":107,"column":21},"end":{"line":107,"column":30}},{"start":{"line":107,"column":34},"end":{"line":107,"column":44}}],"line":107},"8":{"loc":{"start":{"line":141,"column":4},"end":{"line":146,"column":5}},"type":"if","locations":[{"start":{"line":141,"column":4},"end":{"line":146,"column":5}},{"start":{},"end":{}}],"line":141},"9":{"loc":{"start":{"line":151,"column":4},"end":{"line":155,"column":5}},"type":"if","locations":[{"start":{"line":151,"column":4},"end":{"line":155,"column":5}},{"start":{},"end":{}}],"line":151},"10":{"loc":{"start":{"line":168,"column":21},"end":{"line":168,"column":58}},"type":"binary-expr","locations":[{"start":{"line":168,"column":21},"end":{"line":168,"column":30}},{"start":{"line":168,"column":34},"end":{"line":168,"column":58}}],"line":168},"11":{"loc":{"start":{"line":179,"column":4},"end":{"line":181,"column":5}},"type":"if","locations":[{"start":{"line":179,"column":4},"end":{"line":181,"column":5}},{"start":{},"end":{}}],"line":179},"12":{"loc":{"start":{"line":187,"column":11},"end":{"line":187,"column":40}},"type":"binary-expr","locations":[{"start":{"line":187,"column":11},"end":{"line":187,"column":32}},{"start":{"line":187,"column":36},"end":{"line":187,"column":40}}],"line":187},"13":{"loc":{"start":{"line":195,"column":45},"end":{"line":195,"column":79}},"type":"cond-expr","locations":[{"start":{"line":195,"column":69},"end":{"line":195,"column":74}},{"start":{"line":195,"column":77},"end":{"line":195,"column":79}}],"line":195},"14":{"loc":{"start":{"line":213,"column":4},"end":{"line":215,"column":5}},"type":"if","locations":[{"start":{"line":213,"column":4},"end":{"line":215,"column":5}},{"start":{},"end":{}}],"line":213},"15":{"loc":{"start":{"line":217,"column":11},"end":{"line":217,"column":86}},"type":"cond-expr","locations":[{"start":{"line":217,"column":57},"end":{"line":217,"column":70}},{"start":{"line":217,"column":73},"end":{"line":217,"column":86}}],"line":217},"16":{"loc":{"start":{"line":222,"column":14},"end":{"line":222,"column":59}},"type":"default-arg","locations":[{"start":{"line":222,"column":25},"end":{"line":222,"column":59}}],"line":222},"17":{"loc":{"start":{"line":257,"column":4},"end":{"line":316,"column":5}},"type":"switch","locations":[{"start":{"line":258,"column":6},"end":{"line":268,"column":14}},{"start":{"line":270,"column":6},"end":{"line":279,"column":14}},{"start":{"line":281,"column":6},"end":{"line":288,"column":14}},{"start":{"line":290,"column":6},"end":{"line":300,"column":14}},{"start":{"line":302,"column":6},"end":{"line":304,"column":14}},{"start":{"line":306,"column":6},"end":{"line":312,"column":14}},{"start":{"line":314,"column":6},"end":{"line":315,"column":52}}],"line":257},"18":{"loc":{"start":{"line":274,"column":10},"end":{"line":274,"column":35}},"type":"binary-expr","locations":[{"start":{"line":274,"column":10},"end":{"line":274,"column":29}},{"start":{"line":274,"column":33},"end":{"line":274,"column":35}}],"line":274},"19":{"loc":{"start":{"line":292,"column":8},"end":{"line":299,"column":9}},"type":"if","locations":[{"start":{"line":292,"column":8},"end":{"line":299,"column":9}},{"start":{},"end":{}}],"line":292},"20":{"loc":{"start":{"line":308,"column":8},"end":{"line":311,"column":9}},"type":"if","locations":[{"start":{"line":308,"column":8},"end":{"line":311,"column":9}},{"start":{},"end":{}}],"line":308},"21":{"loc":{"start":{"line":321,"column":4},"end":{"line":327,"column":5}},"type":"if","locations":[{"start":{"line":321,"column":4},"end":{"line":327,"column":5}},{"start":{},"end":{}}],"line":321},"22":{"loc":{"start":{"line":323,"column":6},"end":{"line":326,"column":7}},"type":"if","locations":[{"start":{"line":323,"column":6},"end":{"line":326,"column":7}},{"start":{},"end":{}}],"line":323},"23":{"loc":{"start":{"line":337,"column":53},"end":{"line":337,"column":93}},"type":"cond-expr","locations":[{"start":{"line":337,"column":71},"end":{"line":337,"column":83}},{"start":{"line":337,"column":86},"end":{"line":337,"column":93}}],"line":337},"24":{"loc":{"start":{"line":346,"column":4},"end":{"line":350,"column":5}},"type":"if","locations":[{"start":{"line":346,"column":4},"end":{"line":350,"column":5}},{"start":{},"end":{}}],"line":346},"25":{"loc":{"start":{"line":351,"column":41},"end":{"line":351,"column":71}},"type":"binary-expr","locations":[{"start":{"line":351,"column":41},"end":{"line":351,"column":55}},{"start":{"line":351,"column":59},"end":{"line":351,"column":71}}],"line":351},"26":{"loc":{"start":{"line":374,"column":13},"end":{"line":374,"column":37}},"type":"binary-expr","locations":[{"start":{"line":374,"column":13},"end":{"line":374,"column":29}},{"start":{"line":374,"column":33},"end":{"line":374,"column":37}}],"line":374}},"s":{"0":1,"1":1,"2":1,"3":1,"4":1,"5":0,"6":1,"7":1,"8":9,"9":1,"10":9,"11":9,"12":6,"13":9,"14":5,"15":10,"16":10,"17":10,"18":10,"19":10,"20":10,"21":10,"22":2,"23":2,"24":9,"25":9,"26":9,"27":2,"28":1,"29":1,"30":1,"31":0,"32":0,"33":0,"34":0,"35":0,"36":9,"37":9,"38":9,"39":9,"40":9,"41":10,"42":10,"43":4,"44":4,"45":3,"46":14,"47":14,"48":7,"49":7,"50":7,"51":7,"52":4,"53":3,"54":3,"55":3,"56":3,"57":1,"58":2,"59":1,"60":1,"61":1,"62":1,"63":61,"64":61,"65":61,"66":15,"67":15,"68":61,"69":5,"70":61,"71":61,"72":3,"73":7,"74":5,"75":0,"76":4,"77":2,"78":2,"79":8,"80":0,"81":4,"82":5,"83":5,"84":6,"85":6,"86":0,"87":0,"88":6,"89":6,"90":6,"91":4,"92":4,"93":4,"94":4,"95":4,"96":4,"97":1,"98":1,"99":1,"100":1,"101":1,"102":1,"103":1,"104":1,"105":0,"106":0,"107":0,"108":0,"109":0,"110":0,"111":0,"112":0,"113":0,"114":0,"115":0,"116":0,"117":1,"118":1,"119":1,"120":1,"121":1,"122":1,"123":1,"124":1,"125":0,"126":0,"127":0,"128":0,"129":0,"130":0,"131":0,"132":0,"133":0,"134":0,"135":1,"136":1,"137":0,"138":0,"139":0,"140":0,"141":0,"142":0,"143":0,"144":1,"145":1,"146":0,"147":0,"148":1},"f":{"0":1,"1":9,"2":9,"3":5,"4":10,"5":10,"6":2,"7":9,"8":9,"9":1,"10":1,"11":0,"12":9,"13":10,"14":4,"15":3,"16":14,"17":7,"18":4,"19":2,"20":61,"21":15,"22":61,"23":3,"24":7,"25":5,"26":0,"27":4,"28":8,"29":0,"30":4,"31":5,"32":6,"33":1,"34":0,"35":0,"36":0,"37":0,"38":0,"39":0,"40":0},"b":{"0":[0,1],"1":[1,8],"2":[6,3],"3":[3],"4":[2,7],"5":[9,3],"6":[0,0],"7":[9,9],"8":[3,1],"9":[1,1],"10":[61,61],"11":[5,56],"12":[3,1],"13":[0,5],"14":[2,2],"15":[1,1],"16":[8],"17":[4,1,1,0,0,0,0],"18":[1,1],"19":[0,0],"20":[0,0],"21":[1,0],"22":[1,0],"23":[0,0],"24":[0,0],"25":[0,0],"26":[1,1]},"_coverageSchema":"1a1c01bbd47fc00a2c39e90264f33305004495a9","hash":"c0547f84ea1478b54087af274231e3164bd4650a"}
}
