TN:
SF:backend/server.js
FN:17,(anonymous_0)
FN:25,(anonymous_1)
FN:32,(anonymous_2)
FN:39,(anonymous_3)
FN:49,(anonymous_4)
FN:58,(anonymous_5)
FN:64,(anonymous_6)
FN:70,(anonymous_7)
FN:72,(anonymous_8)
FN:79,(anonymous_9)
FN:84,(anonymous_10)
FN:88,(anonymous_11)
FN:103,(anonymous_12)
FN:111,(anonymous_13)
FN:116,(anonymous_14)
FN:121,(anonymous_15)
FN:127,(anonymous_16)
FN:132,(anonymous_17)
FN:140,(anonymous_18)
FN:150,(anonymous_19)
FN:165,(anonymous_20)
FN:173,(anonymous_21)
FN:178,(anonymous_22)
FN:186,(anonymous_23)
FN:190,(anonymous_24)
FN:191,(anonymous_25)
FN:205,(anonymous_26)
FN:211,(anonymous_27)
FN:222,(anonymous_28)
FN:226,(anonymous_29)
FN:230,(anonymous_30)
FN:240,(anonymous_31)
FN:245,(anonymous_32)
FN:319,(anonymous_33)
FN:336,(anonymous_34)
FN:345,(anonymous_35)
FN:358,(anonymous_36)
FN:361,(anonymous_37)
FN:365,(anonymous_38)
FN:369,(anonymous_39)
FN:375,(anonymous_40)
FNF:41
FNH:31
FNDA:1,(anonymous_0)
FNDA:9,(anonymous_1)
FNDA:9,(anonymous_2)
FNDA:5,(anonymous_3)
FNDA:10,(anonymous_4)
FNDA:10,(anonymous_5)
FNDA:2,(anonymous_6)
FNDA:9,(anonymous_7)
FNDA:9,(anonymous_8)
FNDA:1,(anonymous_9)
FNDA:1,(anonymous_10)
FNDA:0,(anonymous_11)
FNDA:9,(anonymous_12)
FNDA:10,(anonymous_13)
FNDA:4,(anonymous_14)
FNDA:3,(anonymous_15)
FNDA:14,(anonymous_16)
FNDA:7,(anonymous_17)
FNDA:4,(anonymous_18)
FNDA:2,(anonymous_19)
FNDA:61,(anonymous_20)
FNDA:15,(anonymous_21)
FNDA:61,(anonymous_22)
FNDA:3,(anonymous_23)
FNDA:7,(anonymous_24)
FNDA:5,(anonymous_25)
FNDA:0,(anonymous_26)
FNDA:4,(anonymous_27)
FNDA:8,(anonymous_28)
FNDA:0,(anonymous_29)
FNDA:4,(anonymous_30)
FNDA:5,(anonymous_31)
FNDA:6,(anonymous_32)
FNDA:1,(anonymous_33)
FNDA:0,(anonymous_34)
FNDA:0,(anonymous_35)
FNDA:0,(anonymous_36)
FNDA:0,(anonymous_37)
FNDA:0,(anonymous_38)
FNDA:0,(anonymous_39)
FNDA:0,(anonymous_40)
DA:7,1
DA:8,1
DA:9,1
DA:10,1
DA:18,1
DA:19,0
DA:21,1
DA:22,1
DA:26,9
DA:27,1
DA:29,9
DA:33,9
DA:34,6
DA:36,9
DA:40,5
DA:50,10
DA:51,10
DA:52,10
DA:53,10
DA:54,10
DA:59,10
DA:60,10
DA:65,2
DA:66,2
DA:71,9
DA:72,9
DA:73,9
DA:74,2
DA:80,1
DA:81,1
DA:85,1
DA:89,0
DA:90,0
DA:91,0
DA:92,0
DA:94,0
DA:104,9
DA:105,9
DA:106,9
DA:107,9
DA:108,9
DA:112,10
DA:113,10
DA:117,4
DA:118,4
DA:122,3
DA:128,14
DA:129,14
DA:134,7
DA:135,7
DA:136,7
DA:137,7
DA:141,4
DA:142,3
DA:143,3
DA:144,3
DA:145,3
DA:147,1
DA:151,2
DA:152,1
DA:153,1
DA:154,1
DA:156,1
DA:166,61
DA:167,61
DA:168,61
DA:174,15
DA:175,15
DA:179,61
DA:180,5
DA:182,61
DA:183,61
DA:187,3
DA:191,7
DA:206,0
DA:213,4
DA:214,2
DA:217,2
DA:223,8
DA:227,0
DA:231,4
DA:241,5
DA:242,5
DA:247,6
DA:248,6
DA:250,0
DA:251,0
DA:254,6
DA:255,6
DA:257,6
DA:259,4
DA:260,4
DA:261,4
DA:262,4
DA:267,4
DA:268,4
DA:271,1
DA:276,1
DA:277,1
DA:278,1
DA:279,1
DA:282,1
DA:283,1
DA:288,1
DA:291,0
DA:292,0
DA:293,0
DA:300,0
DA:303,0
DA:304,0
DA:307,0
DA:308,0
DA:309,0
DA:310,0
DA:312,0
DA:315,0
DA:320,1
DA:321,1
DA:322,1
DA:323,1
DA:324,1
DA:325,1
DA:334,1
DA:336,1
DA:337,0
DA:338,0
DA:339,0
DA:345,0
DA:346,0
DA:347,0
DA:348,0
DA:349,0
DA:351,0
DA:352,0
DA:356,1
DA:358,1
DA:359,0
DA:361,0
DA:362,0
DA:365,0
DA:366,0
DA:369,0
DA:370,0
DA:374,1
DA:375,1
DA:376,0
DA:377,0
DA:380,1
LF:148
LH:107
BRDA:18,0,0,0
BRDA:18,0,1,1
BRDA:26,1,0,1
BRDA:26,1,1,8
BRDA:33,2,0,6
BRDA:33,2,1,3
BRDA:70,3,0,3
BRDA:73,4,0,2
BRDA:73,4,1,7
BRDA:73,5,0,9
BRDA:73,5,1,3
BRDA:90,6,0,0
BRDA:90,6,1,0
BRDA:107,7,0,9
BRDA:107,7,1,9
BRDA:141,8,0,3
BRDA:141,8,1,1
BRDA:151,9,0,1
BRDA:151,9,1,1
BRDA:168,10,0,61
BRDA:168,10,1,61
BRDA:179,11,0,5
BRDA:179,11,1,56
BRDA:187,12,0,3
BRDA:187,12,1,1
BRDA:195,13,0,0
BRDA:195,13,1,5
BRDA:213,14,0,2
BRDA:213,14,1,2
BRDA:217,15,0,1
BRDA:217,15,1,1
BRDA:222,16,0,8
BRDA:257,17,0,4
BRDA:257,17,1,1
BRDA:257,17,2,1
BRDA:257,17,3,0
BRDA:257,17,4,0
BRDA:257,17,5,0
BRDA:257,17,6,0
BRDA:274,18,0,1
BRDA:274,18,1,1
BRDA:292,19,0,0
BRDA:292,19,1,0
BRDA:308,20,0,0
BRDA:308,20,1,0
BRDA:321,21,0,1
BRDA:321,21,1,0
BRDA:323,22,0,1
BRDA:323,22,1,0
BRDA:337,23,0,0
BRDA:337,23,1,0
BRDA:346,24,0,0
BRDA:346,24,1,0
BRDA:351,25,0,0
BRDA:351,25,1,0
BRDA:374,26,0,1
BRDA:374,26,1,1
BRF:57
BRH:37
end_of_record
